<?xml version="1.0" encoding="UTF-8"?>
<!-- Generated by org.testng.reporters.JUnitXMLReporter -->
<testsuite hostname="Priya" ignored="9" name="BGP Test Cases" tests="5" failures="1" timestamp="15 Jun 2020 09:26:00 GMT" time="259.46" errors="0">
  <testcase name="verifyAllQuestionsAvailable" time="0.678" classname="com.bgp.testcases.EligibilityPageTest"/>
  <testcase name="verifySubSectionOfMainContactPerson" time="2.448" classname="com.bgp.testcases.ContactDetailsPageTest"/>
  <testcase name="verifyBackOnEligibiltyPage" time="14.513" classname="com.bgp.testcases.ReviewPageAndBacktoErrorPage">
    <failure type="org.openqa.selenium.ElementClickInterceptedException" message="element click intercepted: Element &amp;lt;div class=&amp;quot;col-md-6 col-xs-10&amp;quot;&amp;gt;...&amp;lt;/div&amp;gt; is not clickable at point (649, 389). Other element would receive the click: &amp;lt;div&amp;gt;...&amp;lt;/div&amp;gt;
  (Session info: chrome=83.0.4103.97)
Build info: version: &amp;apos;3.141.59&amp;apos;, revision: &amp;apos;e82be7d358&amp;apos;, time: &amp;apos;2018-11-14T08:17:03&amp;apos;
System info: host: &amp;apos;PRIYA&amp;apos;, ip: &amp;apos;192.168.1.111&amp;apos;, os.name: &amp;apos;Windows 10&amp;apos;, os.arch: &amp;apos;amd64&amp;apos;, os.version: &amp;apos;10.0&amp;apos;, java.version: &amp;apos;1.8.0_121&amp;apos;
Driver info: org.openqa.selenium.chrome.ChromeDriver
Capabilities {acceptInsecureCerts: false, browserName: chrome, browserVersion: 83.0.4103.97, chrome: {chromedriverVersion: 83.0.4103.39 (ccbf011cb2d2b..., userDataDir: C:\Users\Priya\AppData\Loca...}, goog:chromeOptions: {debuggerAddress: localhost:64061}, javascriptEnabled: true, networkConnectionEnabled: false, pageLoadStrategy: normal, platform: WINDOWS, platformName: WINDOWS, proxy: Proxy(), setWindowRect: true, strictFileInteractability: false, timeouts: {implicit: 0, pageLoad: 300000, script: 30000}, unhandledPromptBehavior: dismiss and notify, webauthn:virtualAuthenticators: true}
Session ID: c1e82dc5760c6982d2a941992d7ac414">
      <![CDATA[org.openqa.selenium.ElementClickInterceptedException: element click intercepted: Element <div class="col-md-6 col-xs-10">...</div> is not clickable at point (649, 389). Other element would receive the click: <div>...</div>
  (Session info: chrome=83.0.4103.97)
Build info: version: '3.141.59', revision: 'e82be7d358', time: '2018-11-14T08:17:03'
System info: host: 'PRIYA', ip: '192.168.1.111', os.name: 'Windows 10', os.arch: 'amd64', os.version: '10.0', java.version: '1.8.0_121'
Driver info: org.openqa.selenium.chrome.ChromeDriver
Capabilities {acceptInsecureCerts: false, browserName: chrome, browserVersion: 83.0.4103.97, chrome: {chromedriverVersion: 83.0.4103.39 (ccbf011cb2d2b..., userDataDir: C:\Users\Priya\AppData\Loca...}, goog:chromeOptions: {debuggerAddress: localhost:64061}, javascriptEnabled: true, networkConnectionEnabled: false, pageLoadStrategy: normal, platform: WINDOWS, platformName: WINDOWS, proxy: Proxy(), setWindowRect: true, strictFileInteractability: false, timeouts: {implicit: 0, pageLoad: 300000, script: 30000}, unhandledPromptBehavior: dismiss and notify, webauthn:virtualAuthenticators: true}
Session ID: c1e82dc5760c6982d2a941992d7ac414
at org.openqa.selenium.remote.http.W3CHttpResponseCodec.createException(W3CHttpResponseCodec.java:187)
at org.openqa.selenium.remote.http.W3CHttpResponseCodec.decode(W3CHttpResponseCodec.java:122)
at org.openqa.selenium.remote.http.W3CHttpResponseCodec.decode(W3CHttpResponseCodec.java:49)
at org.openqa.selenium.remote.HttpCommandExecutor.execute(HttpCommandExecutor.java:158)
at org.openqa.selenium.remote.service.DriverCommandExecutor.execute(DriverCommandExecutor.java:83)
at org.openqa.selenium.remote.RemoteWebDriver.execute(RemoteWebDriver.java:552)
at org.openqa.selenium.remote.RemoteWebElement.execute(RemoteWebElement.java:285)
at org.openqa.selenium.remote.RemoteWebElement.click(RemoteWebElement.java:84)
at org.openqa.selenium.support.events.EventFiringWebDriver$EventFiringWebElement.lambda$new$0(EventFiringWebDriver.java:404)
at com.sun.proxy.$Proxy11.click(Unknown Source)
at org.openqa.selenium.support.events.EventFiringWebDriver$EventFiringWebElement.click(EventFiringWebDriver.java:417)
at com.bgp.pages.ApplicationFormCostPage.fillThirdPartyVendor(ApplicationFormCostPage.java:53)
at com.bgp.pages.ApplicationFormCostPage.fillCostPageForm(ApplicationFormCostPage.java:107)
at com.bgp.testcases.ReviewPageAndBacktoErrorPage.verifyBackOnEligibiltyPage(ReviewPageAndBacktoErrorPage.java:83)
... Removed 32 stack frames]]>
    </failure>
  </testcase> <!-- verifyBackOnEligibiltyPage -->
  <testcase name="verifyReadOnlySummeryPageDetails" time="41.006" classname="com.bgp.testcases.FormSubmission"/>
  <testcase name="verifyWarningMsgForAllQuestions" time="17.804" classname="com.bgp.testcases.EligibilityPageTest"/>
  <testcase name="@AfterSuite endReport" time="0.0" classname="com.bgp.base.TestBase">
    <ignored/>
  </testcase> <!-- @AfterSuite endReport -->
  <testcase name="@AfterSuite endReport" time="0.0" classname="com.bgp.base.TestBase">
    <ignored/>
  </testcase> <!-- @AfterSuite endReport -->
  <testcase name="@AfterSuite endReport" time="0.0" classname="com.bgp.base.TestBase">
    <ignored/>
  </testcase> <!-- @AfterSuite endReport -->
  <testcase name="@BeforeTest setReporting" time="0.0" classname="com.bgp.base.TestBase">
    <ignored/>
  </testcase> <!-- @BeforeTest setReporting -->
  <testcase name="@BeforeTest setReporting" time="0.0" classname="com.bgp.base.TestBase">
    <ignored/>
  </testcase> <!-- @BeforeTest setReporting -->
  <testcase name="@BeforeTest setReporting" time="0.0" classname="com.bgp.base.TestBase">
    <ignored/>
  </testcase> <!-- @BeforeTest setReporting -->
  <testcase name="@BeforeSuite setUp" time="0.0" classname="com.bgp.base.TestBase">
    <ignored/>
  </testcase> <!-- @BeforeSuite setUp -->
  <testcase name="@BeforeSuite setUp" time="0.0" classname="com.bgp.base.TestBase">
    <ignored/>
  </testcase> <!-- @BeforeSuite setUp -->
  <testcase name="@BeforeSuite setUp" time="0.0" classname="com.bgp.base.TestBase">
    <ignored/>
  </testcase> <!-- @BeforeSuite setUp -->
</testsuite> <!-- BGP Test Cases -->
